#
# A fatal error has been detected by the Java Runtime Environment:
#
#  SIGSEGV (0xb) at pc=0x00007f204e1cbf0f, pid=12304, tid=0x00007f201145a700
#
# JRE version: OpenJDK Runtime Environment (8.0_121-b13) (build 1.8.0_121-8u121-b13-0ubuntu1.16.10.2-b13)
# Java VM: OpenJDK 64-Bit Server VM (25.121-b13 mixed mode linux-amd64 compressed oops)
# Problematic frame:
# V  [libjvm.so+0x671f0f]  jni_GetLongField+0x4f
#
# Failed to write core dump. Core dumps have been disabled. To enable core dumping, try "ulimit -c unlimited" before starting Java again
#
# If you would like to submit a bug report, please visit:
#   http://bugreport.java.com/bugreport/crash.jsp
#

---------------  T H R E A D  ---------------

Current thread (0x00007f20482b7000):  JavaThread "AWT-XAWT" daemon [_thread_in_vm, id=12532, stack(0x00007f201135a000,0x00007f201145b000)]

siginfo: si_signo: 11 (SIGSEGV), si_code: 1 (SEGV_MAPERR), si_addr: 0x0000000000000000

Registers:
RAX=0x0000000000000000, RBX=0x00007f20482b7000, RCX=0x0000000000000000, RDX=0x00007f204ea74909
RSP=0x00007f2011459810, RBP=0x00007f2011459830, RSI=0x0000000000000000, RDI=0x00007f20482b7000
R8 =0x00000000c3c008f8, R9 =0x00000000c3c51440, R10=0x00007f2038bf53c4, R11=0x00007f2038bf5398
R12=0x00007f20482b71e0, R13=0x0000000000000000, R14=0x0000000000000042, R15=0x00007f20482b7000
RIP=0x00007f204e1cbf0f, EFLAGS=0x0000000000010202, CSGSFS=0x002b000000000033, ERR=0x0000000000000004
  TRAPNO=0x000000000000000e

Top of Stack: (sp=0x00007f2011459810)
0x00007f2011459810:   00007f20482b71e0 00007f1fcc064fc0
0x00007f2011459820:   0000000000000000 00007f20134ccb00
0x00007f2011459830:   00007f2011459860 00007f20132aada4
0x00007f2011459840:   00007f2035bcd4f8 00007f1fcc064fc0
0x00007f2011459850:   00007f2011459910 00007f20114598e0
0x00007f2011459860:   0000000000000000 00007f2012d6f360
0x00007f2011459870:   00007f2035bcd4f8 00007f20114598a0
0x00007f2011459880:   0000000000000000 00007f2012d66f33
0x00007f2011459890:   00007f2011459910 00007f20132a2b6f
0x00007f20114598a0:   00007f20114598f0 00007f2038bf5436
0x00007f20114598b0:   0000000000000000 00007f2038b75776
0x00007f20114598c0:   00000000c3ce09a8 00007f2038af11ec
0x00007f20114598d0:   00007f2011459970 00007f2038c894f4
0x00007f20114598e0:   00000000c3c005f8 0000000000000000
0x00007f20114598f0:   00007f2011459970 00007f20389e0850
0x00007f2011459900:   00007f2011459970 00007f20389e0850
0x00007f2011459910:   0000000000000000 00007f20389e0b90
0x00007f2011459920:   00007f1fe8001270 00000000c3ce09a8
0x00007f2011459930:   00007f2011459930 00007f2035b7933c
0x00007f2011459940:   00007f20114599b8 00007f2035b916a8
0x00007f2011459950:   0000000000000000 00007f2035b79478
0x00007f2011459960:   00007f2011459910 00007f20114599b0
0x00007f2011459970:   00007f2011459a00 00007f20389e107d
0x00007f2011459980:   0000000000000000 00000000fd6cb848
0x00007f2011459990:   0000000000000000 0000000000000000
0x00007f20114599a0:   0000000000000000 00000000c3ce09a8
0x00007f20114599b0:   0000000000000000 00000000c3c610f8
0x00007f20114599c0:   00007f20114599c0 00007f2035b7917d
0x00007f20114599d0:   00007f2011459a10 00007f2035b916a8
0x00007f20114599e0:   0000000000000000 00007f2035b79188
0x00007f20114599f0:   00007f20114599b0 00007f2011459a10
0x00007f2011459a00:   00007f2011459a58 00007f20389e10c2 

Instructions: (pc=0x00007f204e1cbf0f)
0x00007f204e1cbeef:   ac de 00 00 74 0a 48 89 df 31 db e8 21 99 39 00
0x00007f204e1cbeff:   48 89 df e8 e9 f7 ff ff 90 48 8d 15 fa 89 8a 00
0x00007f204e1cbf0f:   49 8b 45 00 80 3a 00 74 60 48 8d 35 41 aa 88 00
0x00007f204e1cbf1f:   8b 50 08 8b 4e 08 48 d3 e2 48 89 d1 48 03 0e 48 

Register to memory mapping:

RAX=0x0000000000000000 is an unknown value
RBX=0x00007f20482b7000 is a thread
RCX=0x0000000000000000 is an unknown value
RDX=0x00007f204ea74909: <offset 0xf1a909> in /usr/lib/jvm/java-8-openjdk-amd64/jre/lib/amd64/server/libjvm.so at 0x00007f204db5a000
RSP=0x00007f2011459810 is pointing into the stack for thread: 0x00007f20482b7000
RBP=0x00007f2011459830 is pointing into the stack for thread: 0x00007f20482b7000
RSI=0x0000000000000000 is an unknown value
RDI=0x00007f20482b7000 is a thread
R8 =0x00000000c3c008f8 is an oop
[I 
 - klass: {type array int}
 - length: 9
R9 =0x00000000c3c51440 is an oop
sun.util.logging.PlatformLogger$DefaultLoggerProxy 
 - klass: 'sun/util/logging/PlatformLogger$DefaultLoggerProxy'
R10=0x00007f2038bf53c4 is at entry_point+68 in (nmethod*)0x00007f2038bf5210
R11=0x00007f2038bf5398 is at entry_point+24 in (nmethod*)0x00007f2038bf5210
R12=0x00007f20482b71e0 is an unknown value
R13=0x0000000000000000 is an unknown value
R14=0x0000000000000042 is an unknown value
R15=0x00007f20482b7000 is a thread


Stack: [0x00007f201135a000,0x00007f201145b000],  sp=0x00007f2011459810,  free space=1022k
Native frames: (J=compiled Java code, j=interpreted, Vv=VM code, C=native code)
V  [libjvm.so+0x671f0f]  jni_GetLongField+0x4f
C  [libawt_xawt.so+0x35da4]
C  [libX11.so.6+0x64360]  _XimServerDestroy+0x70

Java frames: (J=compiled Java code, j=interpreted, Vv=VM code)
J 1171  sun.awt.X11.XlibWrapper.XFilterEvent(JJ)Z (0 bytes) @ 0x00007f2038bf53c4 [0x00007f2038bf5380+0x44]
j  sun.awt.X11.XToolkit.run(Z)V+300
j  sun.awt.X11.XToolkit.run()V+5
j  java.lang.Thread.run()V+11
v  ~StubRoutines::call_stub

---------------  P R O C E S S  ---------------

Java Threads: ( => current thread )
  0x00007f1fd8016800 JavaThread "main" [_thread_blocked, id=13102, stack(0x00007f2011259000,0x00007f201135a000)]
  0x00007f1fcc06e800 JavaThread "TimerQueue" daemon [_thread_blocked, id=12664, stack(0x00007f2010729000,0x00007f201082a000)]
  0x00007f204800c800 JavaThread "DestroyJavaVM" [_thread_blocked, id=12305, stack(0x00007f204f7aa000,0x00007f204f8ab000)]
  0x00007f20482bd800 JavaThread "BlueJ worker thread" [_thread_blocked, id=12540, stack(0x00007f2011158000,0x00007f2011259000)]
=>0x00007f20482b7000 JavaThread "AWT-XAWT" daemon [_thread_in_vm, id=12532, stack(0x00007f201135a000,0x00007f201145b000)]
  0x00007f204829d000 JavaThread "Java2D Disposer" daemon [_thread_blocked, id=12515, stack(0x00007f201186b000,0x00007f201196c000)]
  0x00007f20480cb000 JavaThread "Service Thread" daemon [_thread_blocked, id=12343, stack(0x00007f20138f9000,0x00007f20139fa000)]
  0x00007f20480c5800 JavaThread "C1 CompilerThread2" daemon [_thread_blocked, id=12325, stack(0x00007f20139fa000,0x00007f2013afb000)]
  0x00007f20480c4000 JavaThread "C2 CompilerThread1" daemon [_thread_blocked, id=12324, stack(0x00007f2013afb000,0x00007f2013bfc000)]
  0x00007f20480c1000 JavaThread "C2 CompilerThread0" daemon [_thread_blocked, id=12323, stack(0x00007f2013bfc000,0x00007f2013cfd000)]
  0x00007f200c001000 JavaThread "JDWP Command Reader" daemon [_thread_in_native, id=12318, stack(0x00007f2013cfd000,0x00007f2013dfe000)]
  0x00007f20480be800 JavaThread "JDWP Event Helper Thread" daemon [_thread_blocked, id=12316, stack(0x00007f2013dfe000,0x00007f2013eff000)]
  0x00007f20480bb000 JavaThread "JDWP Transport Listener: dt_socket" daemon [_thread_blocked, id=12314, stack(0x00007f2013eff000,0x00007f2014000000)]
  0x00007f20480ac800 JavaThread "Signal Dispatcher" daemon [_thread_blocked, id=12313, stack(0x00007f2034214000,0x00007f2034315000)]
  0x00007f2048086000 JavaThread "Finalizer" daemon [_thread_blocked, id=12312, stack(0x00007f2034315000,0x00007f2034416000)]
  0x00007f2048081800 JavaThread "Reference Handler" daemon [_thread_blocked, id=12311, stack(0x00007f2034416000,0x00007f2034517000)]

Other Threads:
  0x00007f204807a000 VMThread [stack: 0x00007f2034517000,0x00007f2034618000] [id=12310]
  0x00007f20480cd800 WatcherThread [stack: 0x00007f20137f8000,0x00007f20138f9000] [id=12344]

VM state:not at safepoint (normal execution)

VM Mutex/Monitor currently owned by a thread: None

Heap:
 PSYoungGen      total 289792K, used 258760K [0x00000000ebf00000, 0x00000000ff700000, 0x0000000100000000)
  eden space 289280K, 89% used [0x00000000ebf00000,0x00000000fbb761b0,0x00000000fd980000)
  from space 512K, 46% used [0x00000000ff680000,0x00000000ff6bc010,0x00000000ff700000)
  to   space 3072K, 0% used [0x00000000ff100000,0x00000000ff100000,0x00000000ff400000)
 ParOldGen       total 42496K, used 2735K [0x00000000c3c00000, 0x00000000c6580000, 0x00000000ebf00000)
  object space 42496K, 6% used [0x00000000c3c00000,0x00000000c3eabfd8,0x00000000c6580000)
 Metaspace       used 15426K, capacity 15648K, committed 16000K, reserved 1062912K
  class space    used 1785K, capacity 1879K, committed 1920K, reserved 1048576K

Card table byte_map: [0x00007f2038436000,0x00007f2038619000] byte_map_base: 0x00007f2037e18000

Marking Bits: (ParMarkBitMap*) 0x00007f204ea7e220
 Begin Bits: [0x00007f20361d1000, 0x00007f20370e1000)
 End Bits:   [0x00007f20370e1000, 0x00007f2037ff1000)

Polling page: 0x00007f204f8cd000

CodeCache: size=245760Kb used=7307Kb max_used=7311Kb free=238452Kb
 bounds [0x00007f20389d9000, 0x00007f2039109000, 0x00007f20479d9000]
 total_blobs=2752 nmethods=2185 adapters=488
 compilation: enabled

Compilation events (10 events):
Event: 900.963 Thread 0x00007f20480c1000 nmethod 2395 0x00007f20390fd0d0 code [0x00007f20390fd220, 0x00007f20390fd2e8]
Event: 900.964 Thread 0x00007f20480c5800 nmethod 2393 0x00007f2039102410 code [0x00007f2039102640, 0x00007f20391032c8]
Event: 900.964 Thread 0x00007f20480c5800 2394       3       javax.swing.SwingUtilities::getRootPane (43 bytes)
Event: 900.964 Thread 0x00007f20480c5800 nmethod 2394 0x00007f20390fddd0 code [0x00007f20390fdfa0, 0x00007f20390fe778]
Event: 900.969 Thread 0x00007f20480c5800 2396       3       javax.swing.SwingUtilities::isEventDispatchThread (4 bytes)
Event: 900.983 Thread 0x00007f20480c5800 nmethod 2396 0x00007f2039103a50 code [0x00007f2039103c20, 0x00007f2039104338]
Event: 901.189 Thread 0x00007f20480c5800 2397       3       BabyBirths::print (88 bytes)
Event: 901.190 Thread 0x00007f20480c5800 nmethod 2397 0x00007f2039104710 code [0x00007f2039104920, 0x00007f20391053c8]
Event: 964.822 Thread 0x00007f20480c5800 2398       1       java.net.URL::getUserInfo (5 bytes)
Event: 964.823 Thread 0x00007f20480c5800 nmethod 2398 0x00007f20390f5810 code [0x00007f20390f5960, 0x00007f20390f5a70]

GC Heap History (10 events):
Event: 655.123 GC heap before
{Heap before GC invocations=14 (full 0):
 PSYoungGen      total 325120K, used 321632K [0x00000000ebf00000, 0x0000000100000000, 0x0000000100000000)
  eden space 321536K, 100% used [0x00000000ebf00000,0x00000000ff900000,0x00000000ff900000)
  from space 3584K, 2% used [0x00000000ff900000,0x00000000ff918000,0x00000000ffc80000)
  to   space 3584K, 0% used [0x00000000ffc80000,0x00000000ffc80000,0x0000000100000000)
 ParOldGen       total 42496K, used 2431K [0x00000000c3c00000, 0x00000000c6580000, 0x00000000ebf00000)
  object space 42496K, 5% used [0x00000000c3c00000,0x00000000c3e5ffd8,0x00000000c6580000)
 Metaspace       used 15303K, capacity 15500K, committed 15744K, reserved 1062912K
  class space    used 1783K, capacity 1875K, committed 1920K, reserved 1048576K
Event: 655.125 GC heap after
Heap after GC invocations=14 (full 0):
 PSYoungGen      total 325120K, used 480K [0x00000000ebf00000, 0x0000000100000000, 0x0000000100000000)
  eden space 321536K, 0% used [0x00000000ebf00000,0x00000000ebf00000,0x00000000ff900000)
  from space 3584K, 13% used [0x00000000ffc80000,0x00000000ffcf8010,0x0000000100000000)
  to   space 3584K, 0% used [0x00000000ff900000,0x00000000ff900000,0x00000000ffc80000)
 ParOldGen       total 42496K, used 2447K [0x00000000c3c00000, 0x00000000c6580000, 0x00000000ebf00000)
  object space 42496K, 5% used [0x00000000c3c00000,0x00000000c3e63fd8,0x00000000c6580000)
 Metaspace       used 15303K, capacity 15500K, committed 15744K, reserved 1062912K
  class space    used 1783K, capacity 1875K, committed 1920K, reserved 1048576K
}
Event: 828.543 GC heap before
{Heap before GC invocations=15 (full 0):
 PSYoungGen      total 325120K, used 322016K [0x00000000ebf00000, 0x0000000100000000, 0x0000000100000000)
  eden space 321536K, 100% used [0x00000000ebf00000,0x00000000ff900000,0x00000000ff900000)
  from space 3584K, 13% used [0x00000000ffc80000,0x00000000ffcf8010,0x0000000100000000)
  to   space 3584K, 0% used [0x00000000ff900000,0x00000000ff900000,0x00000000ffc80000)
 ParOldGen       total 42496K, used 2447K [0x00000000c3c00000, 0x00000000c6580000, 0x00000000ebf00000)
  object space 42496K, 5% used [0x00000000c3c00000,0x00000000c3e63fd8,0x00000000c6580000)
 Metaspace       used 15346K, capacity 15570K, committed 15744K, reserved 1062912K
  class space    used 1784K, capacity 1877K, committed 1920K, reserved 1048576K
Event: 828.549 GC heap after
Heap after GC invocations=15 (full 0):
 PSYoungGen      total 307200K, used 248K [0x00000000ebf00000, 0x00000000ffd00000, 0x0000000100000000)
  eden space 306688K, 0% used [0x00000000ebf00000,0x00000000ebf00000,0x00000000fea80000)
  from space 512K, 48% used [0x00000000ff900000,0x00000000ff93e020,0x00000000ff980000)
  to   space 3584K, 0% used [0x00000000ff980000,0x00000000ff980000,0x00000000ffd00000)
 ParOldGen       total 42496K, used 2527K [0x00000000c3c00000, 0x00000000c6580000, 0x00000000ebf00000)
  object space 42496K, 5% used [0x00000000c3c00000,0x00000000c3e77fd8,0x00000000c6580000)
 Metaspace       used 15346K, capacity 15570K, committed 15744K, reserved 1062912K
  class space    used 1784K, capacity 1877K, committed 1920K, reserved 1048576K
}
Event: 828.783 GC heap before
{Heap before GC invocations=16 (full 0):
 PSYoungGen      total 307200K, used 306936K [0x00000000ebf00000, 0x00000000ffd00000, 0x0000000100000000)
  eden space 306688K, 100% used [0x00000000ebf00000,0x00000000fea80000,0x00000000fea80000)
  from space 512K, 48% used [0x00000000ff900000,0x00000000ff93e020,0x00000000ff980000)
  to   space 3584K, 0% used [0x00000000ff980000,0x00000000ff980000,0x00000000ffd00000)
 ParOldGen       total 42496K, used 2527K [0x00000000c3c00000, 0x00000000c6580000, 0x00000000ebf00000)
  object space 42496K, 5% used [0x00000000c3c00000,0x00000000c3e77fd8,0x00000000c6580000)
 Metaspace       used 15356K, capacity 15570K, committed 15744K, reserved 1062912K
  class space    used 1784K, capacity 1877K, committed 1920K, reserved 1048576K
Event: 828.789 GC heap after
Heap after GC invocations=16 (full 0):
 PSYoungGen      total 322048K, used 416K [0x00000000ebf00000, 0x0000000100000000, 0x0000000100000000)
  eden space 318464K, 0% used [0x00000000ebf00000,0x00000000ebf00000,0x00000000ff600000)
  from space 3584K, 11% used [0x00000000ff980000,0x00000000ff9e8010,0x00000000ffd00000)
  to   space 3584K, 0% used [0x00000000ff600000,0x00000000ff600000,0x00000000ff980000)
 ParOldGen       total 42496K, used 2623K [0x00000000c3c00000, 0x00000000c6580000, 0x00000000ebf00000)
  object space 42496K, 6% used [0x00000000c3c00000,0x00000000c3e8ffd8,0x00000000c6580000)
 Metaspace       used 15356K, capacity 15570K, committed 15744K, reserved 1062912K
  class space    used 1784K, capacity 1877K, committed 1920K, reserved 1048576K
}
Event: 901.003 GC heap before
{Heap before GC invocations=17 (full 0):
 PSYoungGen      total 322048K, used 318880K [0x00000000ebf00000, 0x0000000100000000, 0x0000000100000000)
  eden space 318464K, 100% used [0x00000000ebf00000,0x00000000ff600000,0x00000000ff600000)
  from space 3584K, 11% used [0x00000000ff980000,0x00000000ff9e8010,0x00000000ffd00000)
  to   space 3584K, 0% used [0x00000000ff600000,0x00000000ff600000,0x00000000ff980000)
 ParOldGen       total 42496K, used 2623K [0x00000000c3c00000, 0x00000000c6580000, 0x00000000ebf00000)
  object space 42496K, 6% used [0x00000000c3c00000,0x00000000c3e8ffd8,0x00000000c6580000)
 Metaspace       used 15425K, capacity 15644K, committed 16000K, reserved 1062912K
  class space    used 1785K, capacity 1879K, committed 1920K, reserved 1048576K
Event: 901.005 GC heap after
Heap after GC invocations=17 (full 0):
 PSYoungGen      total 304128K, used 248K [0x00000000ebf00000, 0x00000000ffa00000, 0x0000000100000000)
  eden space 303616K, 0% used [0x00000000ebf00000,0x00000000ebf00000,0x00000000fe780000)
  from space 512K, 48% used [0x00000000ff600000,0x00000000ff63e020,0x00000000ff680000)
  to   space 3584K, 0% used [0x00000000ff680000,0x00000000ff680000,0x00000000ffa00000)
 ParOldGen       total 42496K, used 2647K [0x00000000c3c00000, 0x00000000c6580000, 0x00000000ebf00000)
  object space 42496K, 6% used [0x00000000c3c00000,0x00000000c3e95fd8,0x00000000c6580000)
 Metaspace       used 15425K, capacity 15644K, committed 16000K, reserved 1062912K
  class space    used 1785K, capacity 1879K, committed 1920K, reserved 1048576K
}
Event: 901.197 GC heap before
{Heap before GC invocations=18 (full 0):
 PSYoungGen      total 304128K, used 303864K [0x00000000ebf00000, 0x00000000ffa00000, 0x0000000100000000)
  eden space 303616K, 100% used [0x00000000ebf00000,0x00000000fe780000,0x00000000fe780000)
  from space 512K, 48% used [0x00000000ff600000,0x00000000ff63e020,0x00000000ff680000)
  to   space 3584K, 0% used [0x00000000ff680000,0x00000000ff680000,0x00000000ffa00000)
 ParOldGen       total 42496K, used 2647K [0x00000000c3c00000, 0x00000000c6580000, 0x00000000ebf00000)
  object space 42496K, 6% used [0x00000000c3c00000,0x00000000c3e95fd8,0x00000000c6580000)
 Metaspace       used 15426K, capacity 15648K, committed 16000K, reserved 1062912K
  class space    used 1785K, capacity 1879K, committed 1920K, reserved 1048576K
Event: 901.198 GC heap after
Heap after GC invocations=18 (full 0):
 PSYoungGen      total 289792K, used 240K [0x00000000ebf00000, 0x00000000ff700000, 0x0000000100000000)
  eden space 289280K, 0% used [0x00000000ebf00000,0x00000000ebf00000,0x00000000fd980000)
  from space 512K, 46% used [0x00000000ff680000,0x00000000ff6bc010,0x00000000ff700000)
  to   space 3072K, 0% used [0x00000000ff100000,0x00000000ff100000,0x00000000ff400000)
 ParOldGen       total 42496K, used 2735K [0x00000000c3c00000, 0x00000000c6580000, 0x00000000ebf00000)
  object space 42496K, 6% used [0x00000000c3c00000,0x00000000c3eabfd8,0x00000000c6580000)
 Metaspace       used 15426K, capacity 15648K, committed 16000K, reserved 1062912K
  class space    used 1785K, capacity 1879K, committed 1920K, reserved 1048576K
}

Deoptimization events (10 events):
Event: 157.442 Thread 0x00007f1fd4043800 Uncommon trap: reason=unstable_if action=reinterpret pc=0x00007f2038d93d5c method=java.awt.Component.getFont_NoClientCode()Ljava/awt/Font; @ 17
Event: 160.613 Thread 0x00007f1fd4043800 Uncommon trap: reason=unstable_if action=reinterpret pc=0x00007f2038e2d090 method=java.lang.StrictMath.floorOrCeil(DDDD)D @ 115
Event: 160.613 Thread 0x00007f1fd4043800 Uncommon trap: reason=unstable_if action=reinterpret pc=0x00007f2038e2cc3c method=java.lang.StrictMath.floorOrCeil(DDDD)D @ 115
Event: 164.250 Thread 0x00007f1fdc01e000 Uncommon trap: reason=unstable_if action=reinterpret pc=0x00007f2038f124b0 method=org.apache.commons.csv.Lexer.isEndOfFile(I)Z @ 2
Event: 164.250 Thread 0x00007f1fdc01e000 Uncommon trap: reason=unstable_if action=reinterpret pc=0x00007f2038f3e060 method=java.util.ArrayList.isEmpty()Z @ 4
Event: 164.250 Thread 0x00007f1fdc01e000 Uncommon trap: reason=unstable_if action=reinterpret pc=0x00007f2038f275cc method=org.apache.commons.csv.CSVParser$1.hasNext()Z @ 31
Event: 232.171 Thread 0x00007f20482b7000 Uncommon trap: reason=unstable_if action=reinterpret pc=0x00007f203903671c method=sun.awt.X11.XWindow.getModifiers(III)I @ 16
Event: 233.404 Thread 0x00007f1fdc0b0000 Uncommon trap: reason=unstable_if action=reinterpret pc=0x00007f2038e861c8 method=java.lang.StrictMath.floorOrCeil(DDDD)D @ 8
Event: 233.607 Thread 0x00007f1fdc0b0000 Uncommon trap: reason=unstable_if action=reinterpret pc=0x00007f20390282e4 method=java.lang.StrictMath.floorOrCeil(DDDD)D @ 8
Event: 653.777 Thread 0x00007f1fcc068800 Uncommon trap: reason=class_check action=maybe_recompile pc=0x00007f2038fc5850 method=java.awt.Container.getMouseEventTargetImpl(IIZLjava/awt/Container$EventTargetFilter;ZZ)Ljava/awt/Component; @ 191

Internal exceptions (10 events):
Event: 0.601 Thread 0x00007f204800c800 Exception <a 'java/lang/ClassNotFoundException': sun/dc/DuctusRenderingEngine> (0x00000000ec1c7950) thrown at [/build/openjdk-8-AbQ17_/openjdk-8-8u121-b13/src/hotspot/src/share/vm/classfile/systemDictionary.cpp, line 210]
Event: 134.593 Thread 0x00007f1fdc0b0000 Implicit null exception at 0x00007f2038bedbf6 to 0x00007f2038bee121
Event: 134.831 Thread 0x00007f1fdc0b0000 Exception <a 'java/lang/UnsupportedOperationException': > (0x00000000ec8e7cf0) thrown at [/build/openjdk-8-AbQ17_/openjdk-8-8u121-b13/src/hotspot/src/share/vm/prims/jni.cpp, line 735]
Event: 157.442 Thread 0x00007f1fd4043800 Implicit null exception at 0x00007f2038d93ceb to 0x00007f2038d93d46
Event: 157.562 Thread 0x00007f1fd4043800 Exception <a 'java/lang/UnsupportedOperationException': > (0x00000000ebf517e0) thrown at [/build/openjdk-8-AbQ17_/openjdk-8-8u121-b13/src/hotspot/src/share/vm/prims/jni.cpp, line 735]
Event: 183.258 Thread 0x00007f1fcc068000 Exception <a 'java/lang/UnsupportedOperationException': > (0x00000000f374b780) thrown at [/build/openjdk-8-AbQ17_/openjdk-8-8u121-b13/src/hotspot/src/share/vm/prims/jni.cpp, line 735]
Event: 227.413 Thread 0x00007f1fdc0b0000 Exception <a 'java/lang/UnsupportedOperationException': > (0x00000000ebf73e10) thrown at [/build/openjdk-8-AbQ17_/openjdk-8-8u121-b13/src/hotspot/src/share/vm/prims/jni.cpp, line 735]
Event: 647.495 Thread 0x00007f1fcc068800 Exception <a 'java/lang/UnsupportedOperationException': > (0x00000000ed4ffd98) thrown at [/build/openjdk-8-AbQ17_/openjdk-8-8u121-b13/src/hotspot/src/share/vm/prims/jni.cpp, line 735]
Event: 824.363 Thread 0x00007f1fd8011800 Exception <a 'java/lang/UnsupportedOperationException': > (0x00000000fec56ef8) thrown at [/build/openjdk-8-AbQ17_/openjdk-8-8u121-b13/src/hotspot/src/share/vm/prims/jni.cpp, line 735]
Event: 891.113 Thread 0x00007f1fcc068800 Exception <a 'java/lang/UnsupportedOperationException': > (0x00000000fd738260) thrown at [/build/openjdk-8-AbQ17_/openjdk-8-8u121-b13/src/hotspot/src/share/vm/prims/jni.cpp, line 735]

Events (10 events):
Event: 901.983 Executing VM operation: RevokeBias
Event: 901.983 Executing VM operation: RevokeBias done
Event: 901.983 Thread 0x00007f1fcc068000 Thread exited: 0x00007f1fcc068000
Event: 901.983 Thread 0x00007f1fcc068800 Thread exited: 0x00007f1fcc068800
Event: 964.820 Thread 0x00007f1fd8016800 Thread added: 0x00007f1fd8016800
Event: 964.820 Executing VM operation: RevokeBias
Event: 964.820 Executing VM operation: RevokeBias done
Event: 964.820 Thread 0x00007f1fcc069800 Thread exited: 0x00007f1fcc069800
Event: 964.823 Thread 0x00007f20480c5800 flushing nmethod 0x00007f2038ae2510
Event: 964.823 Thread 0x00007f20480c5800 flushing nmethod 0x00007f2038ae8810


Dynamic libraries:
c3c00000-c6580000 rw-p 00000000 00:00 0 
c6580000-ebf00000 ---p 00000000 00:00 0 
ebf00000-ff700000 rw-p 00000000 00:00 0 
ff700000-100000000 ---p 00000000 00:00 0 
100000000-1001e0000 rw-p 00000000 00:00 0 
1001e0000-140000000 ---p 00000000 00:00 0 
561bc928d000-561bc928e000 r-xp 00000000 08:06 8654741                    /usr/lib/jvm/java-8-openjdk-amd64/jre/bin/java
561bc948d000-561bc948e000 r--p 00000000 08:06 8654741                    /usr/lib/jvm/java-8-openjdk-amd64/jre/bin/java
561bc948e000-561bc948f000 rw-p 00001000 08:06 8654741                    /usr/lib/jvm/java-8-openjdk-amd64/jre/bin/java
561bca5fc000-561bca61d000 rw-p 00000000 00:00 0                          [heap]
7f1fc4000000-7f1fc4021000 rw-p 00000000 00:00 0 
7f1fc4021000-7f1fc8000000 ---p 00000000 00:00 0 
7f1fcc000000-7f1fcc0a1000 rw-p 00000000 00:00 0 
7f1fcc0a1000-7f1fd0000000 ---p 00000000 00:00 0 
7f1fd0000000-7f1fd0021000 rw-p 00000000 00:00 0 
7f1fd0021000-7f1fd4000000 ---p 00000000 00:00 0 
7f1fd4000000-7f1fd4276000 rw-p 00000000 00:00 0 
7f1fd4276000-7f1fd8000000 ---p 00000000 00:00 0 
7f1fd8000000-7f1fd8027000 rw-p 00000000 00:00 0 
7f1fd8027000-7f1fdc000000 ---p 00000000 00:00 0 
7f1fdc000000-7f1fdc227000 rw-p 00000000 00:00 0 
7f1fdc227000-7f1fe0000000 ---p 00000000 00:00 0 
7f1fe0000000-7f1fe0021000 rw-p 00000000 00:00 0 
7f1fe0021000-7f1fe4000000 ---p 00000000 00:00 0 
7f1fe4000000-7f1fe4021000 rw-p 00000000 00:00 0 
7f1fe4021000-7f1fe8000000 ---p 00000000 00:00 0 
7f1fe8000000-7f1fe8287000 rw-p 00000000 00:00 0 
7f1fe8287000-7f1fec000000 ---p 00000000 00:00 0 
7f1fec000000-7f1fec021000 rw-p 00000000 00:00 0 
7f1fec021000-7f1ff0000000 ---p 00000000 00:00 0 
7f1ff0000000-7f1ff0021000 rw-p 00000000 00:00 0 
7f1ff0021000-7f1ff4000000 ---p 00000000 00:00 0 
7f1ff4000000-7f1ff56da000 rw-p 00000000 00:00 0 
7f1ff56da000-7f1ff8000000 ---p 00000000 00:00 0 
7f1ffc000000-7f1ffc604000 rw-p 00000000 00:00 0 
7f1ffc604000-7f2000000000 ---p 00000000 00:00 0 
7f2000000000-7f200075c000 rw-p 00000000 00:00 0 
7f200075c000-7f2004000000 ---p 00000000 00:00 0 
7f2004000000-7f2004036000 rw-p 00000000 00:00 0 
7f2004036000-7f2008000000 ---p 00000000 00:00 0 
7f2008000000-7f2008021000 rw-p 00000000 00:00 0 
7f2008021000-7f200c000000 ---p 00000000 00:00 0 
7f200c000000-7f200c021000 rw-p 00000000 00:00 0 
7f200c021000-7f2010000000 ---p 00000000 00:00 0 
7f201001e000-7f2010021000 ---p 00000000 00:00 0 
7f2010021000-7f20102df000 rw-p 00000000 00:00 0 
7f20102df000-7f201031f000 ---p 00000000 00:00 0 
7f201031f000-7f2010328000 r-xp 00000000 08:06 8655310                    /usr/lib/jvm/java-8-openjdk-amd64/jre/lib/amd64/libmanagement.so
7f2010328000-7f2010527000 ---p 00009000 08:06 8655310                    /usr/lib/jvm/java-8-openjdk-amd64/jre/lib/amd64/libmanagement.so
7f2010527000-7f2010528000 r--p 00008000 08:06 8655310                    /usr/lib/jvm/java-8-openjdk-amd64/jre/lib/amd64/libmanagement.so
7f2010528000-7f2010529000 rw-p 00009000 08:06 8655310                    /usr/lib/jvm/java-8-openjdk-amd64/jre/lib/amd64/libmanagement.so
7f2010529000-7f2010729000 rw-p 00000000 00:00 0 
7f2010729000-7f201072c000 ---p 00000000 00:00 0 
7f201072c000-7f201082a000 rw-p 00000000 00:00 0 
7f201082a000-7f201083b000 r-xp 00000000 08:06 8655313                    /usr/lib/jvm/java-8-openjdk-amd64/jre/lib/amd64/libnio.so
7f201083b000-7f2010a3b000 ---p 00011000 08:06 8655313                    /usr/lib/jvm/java-8-openjdk-amd64/jre/lib/amd64/libnio.so
7f2010a3b000-7f2010a3c000 r--p 00011000 08:06 8655313                    /usr/lib/jvm/java-8-openjdk-amd64/jre/lib/amd64/libnio.so
7f2010a3c000-7f2010a3d000 rw-p 00012000 08:06 8655313                    /usr/lib/jvm/java-8-openjdk-amd64/jre/lib/amd64/libnio.so
7f2010a3d000-7f2010a54000 r-xp 00000000 08:06 8655312                    /usr/lib/jvm/java-8-openjdk-amd64/jre/lib/amd64/libnet.so
7f2010a54000-7f2010c53000 ---p 00017000 08:06 8655312                    /usr/lib/jvm/java-8-openjdk-amd64/jre/lib/amd64/libnet.so
7f2010c53000-7f2010c54000 r--p 00016000 08:06 8655312                    /usr/lib/jvm/java-8-openjdk-amd64/jre/lib/amd64/libnet.so
7f2010c54000-7f2010c55000 rw-p 00017000 08:06 8655312                    /usr/lib/jvm/java-8-openjdk-amd64/jre/lib/amd64/libnet.so
7f2010c55000-7f2010e55000 rw-p 00000000 00:00 0 
7f2010e55000-7f2010e58000 ---p 00000000 00:00 0 
7f2010e58000-7f2010f56000 rw-p 00000000 00:00 0 
7f2010f56000-7f2010f59000 ---p 00000000 00:00 0 
7f2010f59000-7f2011057000 rw-p 00000000 00:00 0 
7f2011057000-7f201105a000 ---p 00000000 00:00 0 
7f201105a000-7f2011158000 rw-p 00000000 00:00 0 
7f2011158000-7f201115b000 ---p 00000000 00:00 0 
7f201115b000-7f2011259000 rw-p 00000000 00:00 0 
7f2011259000-7f201125c000 ---p 00000000 00:00 0 
7f201125c000-7f201135a000 rw-p 00000000 00:00 0 
7f201135a000-7f201135d000 ---p 00000000 00:00 0 
7f201135d000-7f201145b000 rw-p 00000000 00:00 0 
7f201145b000-7f2011460000 r-xp 00000000 08:06 8659066                    /usr/lib/x86_64-linux-gnu/libXfixes.so.3.1.0
7f2011460000-7f201165f000 ---p 00005000 08:06 8659066                    /usr/lib/x86_64-linux-gnu/libXfixes.so.3.1.0
7f201165f000-7f2011660000 r--p 00004000 08:06 8659066                    /usr/lib/x86_64-linux-gnu/libXfixes.so.3.1.0
7f2011660000-7f2011661000 rw-p 00005000 08:06 8659066                    /usr/lib/x86_64-linux-gnu/libXfixes.so.3.1.0
7f2011661000-7f201166a000 r-xp 00000000 08:06 8659058                    /usr/lib/x86_64-linux-gnu/libXcursor.so.1.0.2
7f201166a000-7f2011869000 ---p 00009000 08:06 8659058                    /usr/lib/x86_64-linux-gnu/libXcursor.so.1.0.2
7f2011869000-7f201186a000 r--p 00008000 08:06 8659058                    /usr/lib/x86_64-linux-gnu/libXcursor.so.1.0.2
7f201186a000-7f201186b000 rw-p 00009000 08:06 8659058                    /usr/lib/x86_64-linux-gnu/libXcursor.so.1.0.2
7f201186b000-7f201186e000 ---p 00000000 00:00 0 
7f201186e000-7f201196c000 rw-p 00000000 00:00 0 
7f201196c000-7f201199d000 r-xp 00000000 08:06 8660098                    /usr/lib/x86_64-linux-gnu/libpng16.so.16.25.0
7f201199d000-7f2011b9c000 ---p 00031000 08:06 8660098                    /usr/lib/x86_64-linux-gnu/libpng16.so.16.25.0
7f2011b9c000-7f2011b9d000 r--p 00030000 08:06 8660098                    /usr/lib/x86_64-linux-gnu/libpng16.so.16.25.0
7f2011b9d000-7f2011b9e000 rw-p 00031000 08:06 8660098                    /usr/lib/x86_64-linux-gnu/libpng16.so.16.25.0
7f2011b9e000-7f2011c45000 r-xp 00000000 08:06 8651676                    /usr/lib/x86_64-linux-gnu/libfreetype.so.6.12.3
7f2011c45000-7f2011e44000 ---p 000a7000 08:06 8651676                    /usr/lib/x86_64-linux-gnu/libfreetype.so.6.12.3
7f2011e44000-7f2011e4a000 r--p 000a6000 08:06 8651676                    /usr/lib/x86_64-linux-gnu/libfreetype.so.6.12.3
7f2011e4a000-7f2011e4b000 rw-p 000ac000 08:06 8651676                    /usr/lib/x86_64-linux-gnu/libfreetype.so.6.12.3
7f2011e6a000-7f2011ebc000 r-xp 00000000 08:06 8655290                    /usr/lib/jvm/java-8-openjdk-amd64/jre/lib/amd64/libfontmanager.so
7f2011ebc000-7f20120bc000 ---p 00052000 08:06 8655290                    /usr/lib/jvm/java-8-openjdk-amd64/jre/lib/amd64/libfontmanager.so
7f20120bc000-7f20120be000 r--p 00052000 08:06 8655290                    /usr/lib/jvm/java-8-openjdk-amd64/jre/lib/amd64/libfontmanager.so
7f20120be000-7f20120bf000 rw-p 00054000 08:06 8655290                    /usr/lib/jvm/java-8-openjdk-amd64/jre/lib/amd64/libfontmanager.so
7f20120bf000-7f20120c4000 r-xp 00000000 08:06 8659062                    /usr/lib/x86_64-linux-gnu/libXdmcp.so.6.0.0
7f20120c4000-7f20122c3000 ---p 00005000 08:06 8659062                    /usr/lib/x86_64-linux-gnu/libXdmcp.so.6.0.0
7f20122c3000-7f20122c4000 r--p 00004000 08:06 8659062                    /usr/lib/x86_64-linux-gnu/libXdmcp.so.6.0.0
7f20122c4000-7f20122c5000 rw-p 00005000 08:06 8659062                    /usr/lib/x86_64-linux-gnu/libXdmcp.so.6.0.0
7f20122c5000-7f20122c7000 r-xp 00000000 08:06 8659051                    /usr/lib/x86_64-linux-gnu/libXau.so.6.0.0
7f20122c7000-7f20124c7000 ---p 00002000 08:06 8659051                    /usr/lib/x86_64-linux-gnu/libXau.so.6.0.0
7f20124c7000-7f20124c8000 r--p 00002000 08:06 8659051                    /usr/lib/x86_64-linux-gnu/libXau.so.6.0.0
7f20124c8000-7f20124c9000 rw-p 00003000 08:06 8659051                    /usr/lib/x86_64-linux-gnu/libXau.so.6.0.0
7f20124c9000-7f20124ea000 r-xp 00000000 08:06 8660585                    /usr/lib/x86_64-linux-gnu/libxcb.so.1.1.0
7f20124ea000-7f20126e9000 ---p 00021000 08:06 8660585                    /usr/lib/x86_64-linux-gnu/libxcb.so.1.1.0
7f20126e9000-7f20126ea000 r--p 00020000 08:06 8660585                    /usr/lib/x86_64-linux-gnu/libxcb.so.1.1.0
7f20126ea000-7f20126eb000 rw-p 00021000 08:06 8660585                    /usr/lib/x86_64-linux-gnu/libxcb.so.1.1.0
7f20126eb000-7f20126fa000 r-xp 00000000 08:06 8659072                    /usr/lib/x86_64-linux-gnu/libXi.so.6.1.0
7f20126fa000-7f20128f9000 ---p 0000f000 08:06 8659072                    /usr/lib/x86_64-linux-gnu/libXi.so.6.1.0
7f20128f9000-7f20128fa000 r--p 0000e000 08:06 8659072                    /usr/lib/x86_64-linux-gnu/libXi.so.6.1.0
7f20128fa000-7f20128fb000 rw-p 0000f000 08:06 8659072                    /usr/lib/x86_64-linux-gnu/libXi.so.6.1.0
7f20128fb000-7f2012900000 r-xp 00000000 08:06 8659090                    /usr/lib/x86_64-linux-gnu/libXtst.so.6.1.0
7f2012900000-7f2012aff000 ---p 00005000 08:06 8659090                    /usr/lib/x86_64-linux-gnu/libXtst.so.6.1.0
7f2012aff000-7f2012b00000 r--p 00004000 08:06 8659090                    /usr/lib/x86_64-linux-gnu/libXtst.so.6.1.0
7f2012b00000-7f2012b01000 rw-p 00005000 08:06 8659090                    /usr/lib/x86_64-linux-gnu/libXtst.so.6.1.0
7f2012b01000-7f2012b0a000 r-xp 00000000 08:06 8659084                    /usr/lib/x86_64-linux-gnu/libXrender.so.1.3.0
7f2012b0a000-7f2012d09000 ---p 00009000 08:06 8659084                    /usr/lib/x86_64-linux-gnu/libXrender.so.1.3.0
7f2012d09000-7f2012d0a000 r--p 00008000 08:06 8659084                    /usr/lib/x86_64-linux-gnu/libXrender.so.1.3.0
7f2012d0a000-7f2012d0b000 rw-p 00009000 08:06 8659084                    /usr/lib/x86_64-linux-gnu/libXrender.so.1.3.0
7f2012d0b000-7f2012e40000 r-xp 00000000 08:06 8659047                    /usr/lib/x86_64-linux-gnu/libX11.so.6.3.0
7f2012e40000-7f201303f000 ---p 00135000 08:06 8659047                    /usr/lib/x86_64-linux-gnu/libX11.so.6.3.0
7f201303f000-7f2013040000 r--p 00134000 08:06 8659047                    /usr/lib/x86_64-linux-gnu/libX11.so.6.3.0
7f2013040000-7f2013044000 rw-p 00135000 08:06 8659047                    /usr/lib/x86_64-linux-gnu/libX11.so.6.3.0
7f2013044000-7f2013055000 r-xp 00000000 08:06 8659064                    /usr/lib/x86_64-linux-gnu/libXext.so.6.4.0
7f2013055000-7f2013254000 ---p 00011000 08:06 8659064                    /usr/lib/x86_64-linux-gnu/libXext.so.6.4.0
7f2013254000-7f2013255000 r--p 00010000 08:06 8659064                    /usr/lib/x86_64-linux-gnu/libXext.so.6.4.0
7f2013255000-7f2013256000 rw-p 00011000 08:06 8659064                    /usr/lib/x86_64-linux-gnu/libXext.so.6.4.0
7f2013262000-7f2013275000 r--s 00346000 08:06 8655362                    /usr/lib/jvm/java-8-openjdk-amd64/jre/lib/resources.jar
7f2013275000-7f20132c9000 r-xp 00000000 08:06 8655288                    /usr/lib/jvm/java-8-openjdk-amd64/jre/lib/amd64/libawt_xawt.so
7f20132c9000-7f20134c8000 ---p 00054000 08:06 8655288                    /usr/lib/jvm/java-8-openjdk-amd64/jre/lib/amd64/libawt_xawt.so
7f20134c8000-7f20134c9000 r--p 00053000 08:06 8655288                    /usr/lib/jvm/java-8-openjdk-amd64/jre/lib/amd64/libawt_xawt.so
7f20134c9000-7f20134cc000 rw-p 00054000 08:06 8655288                    /usr/lib/jvm/java-8-openjdk-amd64/jre/lib/amd64/libawt_xawt.so
7f20134cc000-7f20134cd000 rw-p 00000000 00:00 0 
7f20134cd000-7f201356d000 r-xp 00000000 08:06 8655286                    /usr/lib/jvm/java-8-openjdk-amd64/jre/lib/amd64/libawt.so
7f201356d000-7f201376c000 ---p 000a0000 08:06 8655286                    /usr/lib/jvm/java-8-openjdk-amd64/jre/lib/amd64/libawt.so
7f201376c000-7f201376d000 r--p 0009f000 08:06 8655286                    /usr/lib/jvm/java-8-openjdk-amd64/jre/lib/amd64/libawt.so
7f201376d000-7f2013778000 rw-p 000a0000 08:06 8655286                    /usr/lib/jvm/java-8-openjdk-amd64/jre/lib/amd64/libawt.so
7f2013778000-7f201379d000 rw-p 00000000 00:00 0 
7f201379d000-7f20137a2000 r--s 0001a000 08:06 8667517                    /usr/share/bluej/userlib/pi4j-device.jar
7f20137a2000-7f20137a4000 r--s 0000d000 08:06 8667515                    /usr/share/bluej/userlib/apache-csv.jar
7f20137a4000-7f20137a8000 r--s 00027000 08:06 8667519                    /usr/share/bluej/userlib/pi4j-core.jar
7f20137a8000-7f20137ae000 r--s 00034000 08:06 8667473                    /usr/share/bluej/junit-4.8.2.jar
7f20137ae000-7f20137c2000 r--s 00157000 08:06 8667522                    /usr/share/bluej/bluejcore.jar
7f20137c2000-7f20137dd000 r--s 001d6000 08:06 8655339                    /usr/lib/jvm/java-8-openjdk-amd64/jre/lib/ext/nashorn.jar
7f20137dd000-7f20137f8000 r--s 00394000 08:06 8655334                    /usr/lib/jvm/java-8-openjdk-amd64/jre/lib/ext/cldrdata.jar
7f20137f8000-7f20137f9000 ---p 00000000 00:00 0 
7f20137f9000-7f20138f9000 rw-p 00000000 00:00 0 
7f20138f9000-7f20138fc000 ---p 00000000 00:00 0 
7f20138fc000-7f20139fa000 rw-p 00000000 00:00 0 
7f20139fa000-7f20139fd000 ---p 00000000 00:00 0 
7f20139fd000-7f2013afb000 rw-p 00000000 00:00 0 
7f2013afb000-7f2013afe000 ---p 00000000 00:00 0 
7f2013afe000-7f2013bfc000 rw-p 00000000 00:00 0 
7f2013bfc000-7f2013bff000 ---p 00000000 00:00 0 
7f2013bff000-7f2013cfd000 rw-p 00000000 00:00 0 
7f2013cfd000-7f2013d00000 ---p 00000000 00:00 0 
7f2013d00000-7f2013dfe000 rw-p 00000000 00:00 0 
7f2013dfe000-7f2013e01000 ---p 00000000 00:00 0 
7f2013e01000-7f2013eff000 rw-p 00000000 00:00 0 
7f2013eff000-7f2013f02000 ---p 00000000 00:00 0 
7f2013f02000-7f2014000000 rw-p 00000000 00:00 0 
7f2014000000-7f2014021000 rw-p 00000000 00:00 0 
7f2014021000-7f2018000000 ---p 00000000 00:00 0 
7f2018000000-7f2018021000 rw-p 00000000 00:00 0 
7f2018021000-7f201c000000 ---p 00000000 00:00 0 
7f201c000000-7f201c021000 rw-p 00000000 00:00 0 
7f201c021000-7f2020000000 ---p 00000000 00:00 0 
7f2020000000-7f2020021000 rw-p 00000000 00:00 0 
7f2020021000-7f2024000000 ---p 00000000 00:00 0 
7f2024000000-7f2024021000 rw-p 00000000 00:00 0 
7f2024021000-7f2028000000 ---p 00000000 00:00 0 
7f2028000000-7f2028021000 rw-p 00000000 00:00 0 
7f2028021000-7f202c000000 ---p 00000000 00:00 0 
7f202c000000-7f202c021000 rw-p 00000000 00:00 0 
7f202c021000-7f2030000000 ---p 00000000 00:00 0 
7f2030000000-7f2030021000 rw-p 00000000 00:00 0 
7f2030021000-7f2034000000 ---p 00000000 00:00 0 
7f2034000000-7f2034001000 r--s 00009000 08:06 8667518                    /usr/share/bluej/userlib/courserajava.jar
7f2034001000-7f2034003000 r--s 00010000 08:06 8667521                    /usr/share/bluej/userlib/pi4j-gpio-extension.jar
7f2034003000-7f2034005000 r--s 00003000 08:06 8667516                    /usr/share/bluej/userlib/pi4j-service.jar
7f2034005000-7f203400a000 r--s 002f9000 08:06 8655324                    /usr/lib/jvm/java-8-openjdk-amd64/jre/lib/charsets.jar
7f203400a000-7f203400f000 r--s 0003b000 08:06 8655341                    /usr/lib/jvm/java-8-openjdk-amd64/jre/lib/ext/sunjce_provider.jar
7f203400f000-7f2034013000 r-xp 00000000 08:06 8655289                    /usr/lib/jvm/java-8-openjdk-amd64/jre/lib/amd64/libdt_socket.so
7f2034013000-7f2034212000 ---p 00004000 08:06 8655289                    /usr/lib/jvm/java-8-openjdk-amd64/jre/lib/amd64/libdt_socket.so
7f2034212000-7f2034213000 r--p 00003000 08:06 8655289                    /usr/lib/jvm/java-8-openjdk-amd64/jre/lib/amd64/libdt_socket.so
7f2034213000-7f2034214000 rw-p 00004000 08:06 8655289                    /usr/lib/jvm/java-8-openjdk-amd64/jre/lib/amd64/libdt_socket.so
7f2034214000-7f2034217000 ---p 00000000 00:00 0 
7f2034217000-7f2034315000 rw-p 00000000 00:00 0 
7f2034315000-7f2034318000 ---p 00000000 00:00 0 
7f2034318000-7f2034416000 rw-p 00000000 00:00 0 
7f2034416000-7f2034419000 ---p 00000000 00:00 0 
7f2034419000-7f2034517000 rw-p 00000000 00:00 0 
7f2034517000-7f2034518000 ---p 00000000 00:00 0 
7f2034518000-7f20355ab000 rw-p 00000000 00:00 0 
7f20355ab000-7f2035779000 r--s 03c06000 08:06 8655363                    /usr/lib/jvm/java-8-openjdk-amd64/jre/lib/rt.jar
7f2035779000-7f2037ff1000 rw-p 00000000 00:00 0 
7f2037ff1000-7f2037ff2000 ---p 00000000 00:00 0 
7f2037ff2000-7f20380f2000 rw-p 00000000 00:00 0 
7f20380f2000-7f20380f3000 ---p 00000000 00:00 0 
7f20380f3000-7f20381f3000 rw-p 00000000 00:00 0 
7f20381f3000-7f20381f4000 ---p 00000000 00:00 0 
7f20381f4000-7f2038309000 rw-p 00000000 00:00 0 
7f2038309000-7f2038436000 ---p 00000000 00:00 0 
7f2038436000-7f203844b000 rw-p 00000000 00:00 0 
7f203844b000-7f2038577000 ---p 00000000 00:00 0 
7f2038577000-7f2038614000 rw-p 00000000 00:00 0 
7f2038614000-7f2038618000 ---p 00000000 00:00 0 
7f2038618000-7f2038636000 rw-p 00000000 00:00 0 
7f2038636000-7f20389d9000 ---p 00000000 00:00 0 
7f20389d9000-7f2039109000 rwxp 00000000 00:00 0 
7f2039109000-7f20479d9000 ---p 00000000 00:00 0 
7f20479d9000-7f20479e1000 r-xp 00000000 08:06 8655320                    /usr/lib/jvm/java-8-openjdk-amd64/jre/lib/amd64/libzip.so
7f20479e1000-7f2047be0000 ---p 00008000 08:06 8655320                    /usr/lib/jvm/java-8-openjdk-amd64/jre/lib/amd64/libzip.so
7f2047be0000-7f2047be1000 r--p 00007000 08:06 8655320                    /usr/lib/jvm/java-8-openjdk-amd64/jre/lib/amd64/libzip.so
7f2047be1000-7f2047be2000 rw-p 00008000 08:06 8655320                    /usr/lib/jvm/java-8-openjdk-amd64/jre/lib/amd64/libzip.so
7f2047be2000-7f2047bed000 r-xp 00000000 08:06 2757242                    /lib/x86_64-linux-gnu/libnss_files-2.24.so
7f2047bed000-7f2047dec000 ---p 0000b000 08:06 2757242                    /lib/x86_64-linux-gnu/libnss_files-2.24.so
7f2047dec000-7f2047ded000 r--p 0000a000 08:06 2757242                    /lib/x86_64-linux-gnu/libnss_files-2.24.so
7f2047ded000-7f2047dee000 rw-p 0000b000 08:06 2757242                    /lib/x86_64-linux-gnu/libnss_files-2.24.so
7f2047dee000-7f2047df4000 rw-p 00000000 00:00 0 
7f2047df4000-7f2047dff000 r-xp 00000000 08:06 2757244                    /lib/x86_64-linux-gnu/libnss_nis-2.24.so
7f2047dff000-7f2047ffe000 ---p 0000b000 08:06 2757244                    /lib/x86_64-linux-gnu/libnss_nis-2.24.so
7f2047ffe000-7f2047fff000 r--p 0000a000 08:06 2757244                    /lib/x86_64-linux-gnu/libnss_nis-2.24.so
7f2047fff000-7f2048000000 rw-p 0000b000 08:06 2757244                    /lib/x86_64-linux-gnu/libnss_nis-2.24.so
7f2048000000-7f20482c0000 rw-p 00000000 00:00 0 
7f20482c0000-7f204c000000 ---p 00000000 00:00 0 
7f204c000000-7f204c003000 r--s 0000f000 08:06 8655336                    /usr/lib/jvm/java-8-openjdk-amd64/jre/lib/ext/icedtea-sound.jar
7f204c003000-7f204c00d000 r--s 00116000 08:06 8655338                    /usr/lib/jvm/java-8-openjdk-amd64/jre/lib/ext/localedata.jar
7f204c00d000-7f204c02e000 rw-p 00000000 00:00 0 
7f204c02e000-7f204c02f000 ---p 00000000 00:00 0 
7f204c02f000-7f204c12f000 rw-p 00000000 00:00 0 
7f204c12f000-7f204c145000 r-xp 00000000 08:06 2757239                    /lib/x86_64-linux-gnu/libnsl-2.24.so
7f204c145000-7f204c344000 ---p 00016000 08:06 2757239                    /lib/x86_64-linux-gnu/libnsl-2.24.so
7f204c344000-7f204c345000 r--p 00015000 08:06 2757239                    /lib/x86_64-linux-gnu/libnsl-2.24.so
7f204c345000-7f204c346000 rw-p 00016000 08:06 2757239                    /lib/x86_64-linux-gnu/libnsl-2.24.so
7f204c346000-7f204c348000 rw-p 00000000 00:00 0 
7f204c348000-7f204c350000 r-xp 00000000 08:06 2757240                    /lib/x86_64-linux-gnu/libnss_compat-2.24.so
7f204c350000-7f204c54f000 ---p 00008000 08:06 2757240                    /lib/x86_64-linux-gnu/libnss_compat-2.24.so
7f204c54f000-7f204c550000 r--p 00007000 08:06 2757240                    /lib/x86_64-linux-gnu/libnss_compat-2.24.so
7f204c550000-7f204c551000 rw-p 00008000 08:06 2757240                    /lib/x86_64-linux-gnu/libnss_compat-2.24.so
7f204c551000-7f204c82a000 r--p 00000000 08:06 8656548                    /usr/lib/locale/locale-archive
7f204c82a000-7f204c82c000 r-xp 00000000 08:06 8655314                    /usr/lib/jvm/java-8-openjdk-amd64/jre/lib/amd64/libnpt.so
7f204c82c000-7f204ca2c000 ---p 00002000 08:06 8655314                    /usr/lib/jvm/java-8-openjdk-amd64/jre/lib/amd64/libnpt.so
7f204ca2c000-7f204ca2d000 r--p 00002000 08:06 8655314                    /usr/lib/jvm/java-8-openjdk-amd64/jre/lib/amd64/libnpt.so
7f204ca2d000-7f204ca2e000 rw-p 00003000 08:06 8655314                    /usr/lib/jvm/java-8-openjdk-amd64/jre/lib/amd64/libnpt.so
7f204ca2e000-7f204ca69000 r-xp 00000000 08:06 8655306                    /usr/lib/jvm/java-8-openjdk-amd64/jre/lib/amd64/libjdwp.so
7f204ca69000-7f204cc68000 ---p 0003b000 08:06 8655306                    /usr/lib/jvm/java-8-openjdk-amd64/jre/lib/amd64/libjdwp.so
7f204cc68000-7f204cc69000 r--p 0003a000 08:06 8655306                    /usr/lib/jvm/java-8-openjdk-amd64/jre/lib/amd64/libjdwp.so
7f204cc69000-7f204cc6a000 rw-p 0003b000 08:06 8655306                    /usr/lib/jvm/java-8-openjdk-amd64/jre/lib/amd64/libjdwp.so
7f204cc6a000-7f204cc97000 r-xp 00000000 08:06 8655297                    /usr/lib/jvm/java-8-openjdk-amd64/jre/lib/amd64/libjava.so
7f204cc97000-7f204ce96000 ---p 0002d000 08:06 8655297                    /usr/lib/jvm/java-8-openjdk-amd64/jre/lib/amd64/libjava.so
7f204ce96000-7f204ce97000 r--p 0002c000 08:06 8655297                    /usr/lib/jvm/java-8-openjdk-amd64/jre/lib/amd64/libjava.so
7f204ce97000-7f204ce99000 rw-p 0002d000 08:06 8655297                    /usr/lib/jvm/java-8-openjdk-amd64/jre/lib/amd64/libjava.so
7f204ce99000-7f204cea8000 r-xp 00000000 08:06 8655319                    /usr/lib/jvm/java-8-openjdk-amd64/jre/lib/amd64/libverify.so
7f204cea8000-7f204d0a7000 ---p 0000f000 08:06 8655319                    /usr/lib/jvm/java-8-openjdk-amd64/jre/lib/amd64/libverify.so
7f204d0a7000-7f204d0a9000 r--p 0000e000 08:06 8655319                    /usr/lib/jvm/java-8-openjdk-amd64/jre/lib/amd64/libverify.so
7f204d0a9000-7f204d0aa000 rw-p 00010000 08:06 8655319                    /usr/lib/jvm/java-8-openjdk-amd64/jre/lib/amd64/libverify.so
7f204d0aa000-7f204d0b1000 r-xp 00000000 08:06 2757249                    /lib/x86_64-linux-gnu/librt-2.24.so
7f204d0b1000-7f204d2b0000 ---p 00007000 08:06 2757249                    /lib/x86_64-linux-gnu/librt-2.24.so
7f204d2b0000-7f204d2b1000 r--p 00006000 08:06 2757249                    /lib/x86_64-linux-gnu/librt-2.24.so
7f204d2b1000-7f204d2b2000 rw-p 00007000 08:06 2757249                    /lib/x86_64-linux-gnu/librt-2.24.so
7f204d2b2000-7f204d2c8000 r-xp 00000000 08:06 2757081                    /lib/x86_64-linux-gnu/libgcc_s.so.1
7f204d2c8000-7f204d4c7000 ---p 00016000 08:06 2757081                    /lib/x86_64-linux-gnu/libgcc_s.so.1
7f204d4c7000-7f204d4c8000 r--p 00015000 08:06 2757081                    /lib/x86_64-linux-gnu/libgcc_s.so.1
7f204d4c8000-7f204d4c9000 rw-p 00016000 08:06 2757081                    /lib/x86_64-linux-gnu/libgcc_s.so.1
7f204d4c9000-7f204d5d1000 r-xp 00000000 08:06 2757236                    /lib/x86_64-linux-gnu/libm-2.24.so
7f204d5d1000-7f204d7d0000 ---p 00108000 08:06 2757236                    /lib/x86_64-linux-gnu/libm-2.24.so
7f204d7d0000-7f204d7d1000 r--p 00107000 08:06 2757236                    /lib/x86_64-linux-gnu/libm-2.24.so
7f204d7d1000-7f204d7d2000 rw-p 00108000 08:06 2757236                    /lib/x86_64-linux-gnu/libm-2.24.so
7f204d7d2000-7f204d94a000 r-xp 00000000 08:06 8660279                    /usr/lib/x86_64-linux-gnu/libstdc++.so.6.0.22
7f204d94a000-7f204db4a000 ---p 00178000 08:06 8660279                    /usr/lib/x86_64-linux-gnu/libstdc++.so.6.0.22
7f204db4a000-7f204db54000 r--p 00178000 08:06 8660279                    /usr/lib/x86_64-linux-gnu/libstdc++.so.6.0.22
7f204db54000-7f204db56000 rw-p 00182000 08:06 8660279                    /usr/lib/x86_64-linux-gnu/libstdc++.so.6.0.22
7f204db56000-7f204db5a000 rw-p 00000000 00:00 0 
7f204db5a000-7f204e7af000 r-xp 00000000 08:06 8655323                    /usr/lib/jvm/java-8-openjdk-amd64/jre/lib/amd64/server/libjvm.so
7f204e7af000-7f204e9af000 ---p 00c55000 08:06 8655323                    /usr/lib/jvm/java-8-openjdk-amd64/jre/lib/amd64/server/libjvm.so
7f204e9af000-7f204ea42000 r--p 00c55000 08:06 8655323                    /usr/lib/jvm/java-8-openjdk-amd64/jre/lib/amd64/server/libjvm.so
7f204ea42000-7f204ea6b000 rw-p 00ce8000 08:06 8655323                    /usr/lib/jvm/java-8-openjdk-amd64/jre/lib/amd64/server/libjvm.so
7f204ea6b000-7f204ea9b000 rw-p 00000000 00:00 0 
7f204ea9b000-7f204eab3000 r-xp 00000000 08:06 2757247                    /lib/x86_64-linux-gnu/libpthread-2.24.so
7f204eab3000-7f204ecb3000 ---p 00018000 08:06 2757247                    /lib/x86_64-linux-gnu/libpthread-2.24.so
7f204ecb3000-7f204ecb4000 r--p 00018000 08:06 2757247                    /lib/x86_64-linux-gnu/libpthread-2.24.so
7f204ecb4000-7f204ecb5000 rw-p 00019000 08:06 2757247                    /lib/x86_64-linux-gnu/libpthread-2.24.so
7f204ecb5000-7f204ecb9000 rw-p 00000000 00:00 0 
7f204ecb9000-7f204ecbc000 r-xp 00000000 08:06 2757235                    /lib/x86_64-linux-gnu/libdl-2.24.so
7f204ecbc000-7f204eebb000 ---p 00003000 08:06 2757235                    /lib/x86_64-linux-gnu/libdl-2.24.so
7f204eebb000-7f204eebc000 r--p 00002000 08:06 2757235                    /lib/x86_64-linux-gnu/libdl-2.24.so
7f204eebc000-7f204eebd000 rw-p 00003000 08:06 2757235                    /lib/x86_64-linux-gnu/libdl-2.24.so
7f204eebd000-7f204eed6000 r-xp 00000000 08:06 2757225                    /lib/x86_64-linux-gnu/libz.so.1.2.8
7f204eed6000-7f204f0d5000 ---p 00019000 08:06 2757225                    /lib/x86_64-linux-gnu/libz.so.1.2.8
7f204f0d5000-7f204f0d6000 r--p 00018000 08:06 2757225                    /lib/x86_64-linux-gnu/libz.so.1.2.8
7f204f0d6000-7f204f0d7000 rw-p 00019000 08:06 2757225                    /lib/x86_64-linux-gnu/libz.so.1.2.8
7f204f0d7000-7f204f294000 r-xp 00000000 08:06 2757232                    /lib/x86_64-linux-gnu/libc-2.24.so
7f204f294000-7f204f494000 ---p 001bd000 08:06 2757232                    /lib/x86_64-linux-gnu/libc-2.24.so
7f204f494000-7f204f498000 r--p 001bd000 08:06 2757232                    /lib/x86_64-linux-gnu/libc-2.24.so
7f204f498000-7f204f49a000 rw-p 001c1000 08:06 2757232                    /lib/x86_64-linux-gnu/libc-2.24.so
7f204f49a000-7f204f49e000 rw-p 00000000 00:00 0 
7f204f49e000-7f204f4ab000 r-xp 00000000 08:06 8655283                    /usr/lib/jvm/java-8-openjdk-amd64/jre/lib/amd64/jli/libjli.so
7f204f4ab000-7f204f6ab000 ---p 0000d000 08:06 8655283                    /usr/lib/jvm/java-8-openjdk-amd64/jre/lib/amd64/jli/libjli.so
7f204f6ab000-7f204f6ac000 r--p 0000d000 08:06 8655283                    /usr/lib/jvm/java-8-openjdk-amd64/jre/lib/amd64/jli/libjli.so
7f204f6ac000-7f204f6ad000 rw-p 0000e000 08:06 8655283                    /usr/lib/jvm/java-8-openjdk-amd64/jre/lib/amd64/jli/libjli.so
7f204f6ad000-7f204f6d2000 r-xp 00000000 08:06 2757228                    /lib/x86_64-linux-gnu/ld-2.24.so
7f204f6d2000-7f204f6d4000 r--s 00001000 08:06 8655335                    /usr/lib/jvm/java-8-openjdk-amd64/jre/lib/ext/dnsns.jar
7f204f6d4000-7f204f6d5000 r--s 00010000 08:06 8655343                    /usr/lib/jvm/java-8-openjdk-amd64/jre/lib/ext/zipfs.jar
7f204f6d5000-7f204f6d9000 r--s 00037000 08:06 8655342                    /usr/lib/jvm/java-8-openjdk-amd64/jre/lib/ext/sunpkcs11.jar
7f204f6d9000-7f204f6da000 r--s 0000a000 08:06 8655337                    /usr/lib/jvm/java-8-openjdk-amd64/jre/lib/ext/jaccess.jar
7f204f6da000-7f204f7aa000 rw-p 00000000 00:00 0 
7f204f7aa000-7f204f7ad000 ---p 00000000 00:00 0 
7f204f7ad000-7f204f8af000 rw-p 00000000 00:00 0 
7f204f8af000-7f204f8b1000 r--s 00008000 08:06 8655340                    /usr/lib/jvm/java-8-openjdk-amd64/jre/lib/ext/sunec.jar
7f204f8b1000-7f204f8c4000 rw-p 00000000 00:00 0 
7f204f8c4000-7f204f8cc000 rw-s 00000000 08:06 7734860                    /tmp/hsperfdata_saket/12304
7f204f8cc000-7f204f8cd000 rw-p 00000000 00:00 0 
7f204f8cd000-7f204f8ce000 r--p 00000000 00:00 0 
7f204f8ce000-7f204f8d1000 rw-p 00000000 00:00 0 
7f204f8d1000-7f204f8d2000 r--p 00024000 08:06 2757228                    /lib/x86_64-linux-gnu/ld-2.24.so
7f204f8d2000-7f204f8d3000 rw-p 00025000 08:06 2757228                    /lib/x86_64-linux-gnu/ld-2.24.so
7f204f8d3000-7f204f8d4000 rw-p 00000000 00:00 0 
7ffd205ce000-7ffd205ef000 rw-p 00000000 00:00 0                          [stack]
7ffd205fa000-7ffd205fc000 r--p 00000000 00:00 0                          [vvar]
7ffd205fc000-7ffd205fe000 r-xp 00000000 00:00 0                          [vdso]
ffffffffff600000-ffffffffff601000 r-xp 00000000 00:00 0                  [vsyscall]

VM Arguments:
jvm_args: -ea -Djavafx.macosx.embedded=true -agentlib:jdwp=transport=dt_socket,address=127.0.0.1:40773 -Dfile.encoding=UTF-8 
java_command: bluej.runtime.ExecServer UTF-8
java_class_path (initial): /usr/share/bluej/bluejcore.jar:/usr/share/bluej/junit-4.8.2.jar:/usr/share/bluej/userlib/pi4j-service.jar:/usr/share/bluej/userlib/pi4j-gpio-extension.jar:/usr/share/bluej/userlib/courserajava.jar:/usr/share/bluej/userlib/pi4j-core.jar:/usr/share/bluej/userlib/apache-csv.jar:/usr/share/bluej/userlib/pi4j-device.jar
Launcher Type: SUN_STANDARD

Environment Variables:
JAVA_HOME=/usr/local/java/jdk1.8.0_121
JRE_HOME=/usr/local/java/jre1.8.0_121
PATH=/home/saket/bin:/home/saket/.local/bin:/usr/local/sbin:/usr/local/bin:/usr/sbin:/usr/bin:/sbin:/bin:/usr/games:/usr/local/games:/snap/bin:/usr/local/java/jre1.8.0_121/bin:/usr/local/java/jdk1.8.0_121/bin
SHELL=/bin/bash
DISPLAY=:0

Signal Handlers:
SIGSEGV: [libjvm.so+0xa6c900], sa_mask[0]=11111111011111111101111111111110, sa_flags=SA_RESTART|SA_SIGINFO
SIGBUS: [libjvm.so+0xa6c900], sa_mask[0]=11111111011111111101111111111110, sa_flags=SA_RESTART|SA_SIGINFO
SIGFPE: [libjvm.so+0x8b6400], sa_mask[0]=11111111011111111101111111111110, sa_flags=SA_RESTART|SA_SIGINFO
SIGPIPE: [libjvm.so+0x8b6400], sa_mask[0]=11111111011111111101111111111110, sa_flags=SA_RESTART|SA_SIGINFO
SIGXFSZ: [libjvm.so+0x8b6400], sa_mask[0]=11111111011111111101111111111110, sa_flags=SA_RESTART|SA_SIGINFO
SIGILL: [libjvm.so+0x8b6400], sa_mask[0]=11111111011111111101111111111110, sa_flags=SA_RESTART|SA_SIGINFO
SIGUSR1: SIG_DFL, sa_mask[0]=00000000000000000000000000000000, sa_flags=none
SIGUSR2: [libjvm.so+0x8b62b0], sa_mask[0]=00100000000000000000000000000000, sa_flags=SA_RESTART|SA_SIGINFO
SIGHUP: [libjvm.so+0x8b6760], sa_mask[0]=11111111011111111101111111111110, sa_flags=SA_RESTART|SA_SIGINFO
SIGINT: [libjvm.so+0x8b6760], sa_mask[0]=11111111011111111101111111111110, sa_flags=SA_RESTART|SA_SIGINFO
SIGTERM: [libjvm.so+0x8b6760], sa_mask[0]=11111111011111111101111111111110, sa_flags=SA_RESTART|SA_SIGINFO
SIGQUIT: [libjvm.so+0x8b6760], sa_mask[0]=11111111011111111101111111111110, sa_flags=SA_RESTART|SA_SIGINFO


---------------  S Y S T E M  ---------------

OS:DISTRIB_ID=Ubuntu
DISTRIB_RELEASE=16.10
DISTRIB_CODENAME=yakkety
DISTRIB_DESCRIPTION="Ubuntu 16.10"

uname:Linux 4.8.0-46-generic #49-Ubuntu SMP Fri Mar 31 13:57:14 UTC 2017 x86_64
libc:glibc 2.24 NPTL 2.24 
rlimit: STACK 8192k, CORE 0k, NPROC 15228, NOFILE 4096, AS infinity
load average:0.61 0.64 0.55

/proc/meminfo:
MemTotal:        3943136 kB
MemFree:         1322480 kB
MemAvailable:    2215760 kB
Buffers:          296172 kB
Cached:           776904 kB
SwapCached:           32 kB
Active:          1607024 kB
Inactive:         797324 kB
Active(anon):    1041200 kB
Inactive(anon):   298032 kB
Active(file):     565824 kB
Inactive(file):   499292 kB
Unevictable:          16 kB
Mlocked:              16 kB
SwapTotal:        194556 kB
SwapFree:         193928 kB
Dirty:                40 kB
Writeback:           880 kB
AnonPages:       1277140 kB
Mapped:           196504 kB
Shmem:              8100 kB
Slab:             148052 kB
SReclaimable:      69572 kB
SUnreclaim:        78480 kB
KernelStack:        7600 kB
PageTables:        21156 kB
NFS_Unstable:          0 kB
Bounce:                0 kB
WritebackTmp:          0 kB
CommitLimit:     2166124 kB
Committed_AS:    3448420 kB
VmallocTotal:   34359738367 kB
VmallocUsed:           0 kB
VmallocChunk:          0 kB
HardwareCorrupted:     0 kB
AnonHugePages:    825344 kB
ShmemHugePages:        0 kB
ShmemPmdMapped:        0 kB
CmaTotal:              0 kB
CmaFree:               0 kB
HugePages_Total:       0
HugePages_Free:        0
HugePages_Rsvd:        0
HugePages_Surp:        0
Hugepagesize:       2048 kB
DirectMap4k:      250624 kB
DirectMap2M:     3842048 kB


CPU:total 4 (2 cores per cpu, 2 threads per core) family 6 model 42 stepping 7, cmov, cx8, fxsr, mmx, sse, sse2, sse3, ssse3, sse4.1, sse4.2, popcnt, avx, aes, clmul, ht, tsc, tscinvbit

/proc/cpuinfo:
processor	: 0
vendor_id	: GenuineIntel
cpu family	: 6
model		: 42
model name	: Intel(R) Core(TM) i5-2450M CPU @ 2.50GHz
stepping	: 7
microcode	: 0x25
cpu MHz		: 2899.932
cache size	: 3072 KB
physical id	: 0
siblings	: 4
core id		: 0
cpu cores	: 2
apicid		: 0
initial apicid	: 0
fpu		: yes
fpu_exception	: yes
cpuid level	: 13
wp		: yes
flags		: fpu vme de pse tsc msr pae mce cx8 apic sep mtrr pge mca cmov pat pse36 clflush dts acpi mmx fxsr sse sse2 ss ht tm pbe syscall nx rdtscp lm constant_tsc arch_perfmon pebs bts rep_good nopl xtopology nonstop_tsc aperfmperf eagerfpu pni pclmulqdq dtes64 monitor ds_cpl vmx est tm2 ssse3 cx16 xtpr pdcm pcid sse4_1 sse4_2 x2apic popcnt tsc_deadline_timer aes xsave avx lahf_lm epb tpr_shadow vnmi flexpriority ept vpid xsaveopt dtherm ida arat pln pts
bugs		:
bogomips	: 4989.01
clflush size	: 64
cache_alignment	: 64
address sizes	: 36 bits physical, 48 bits virtual
power management:

processor	: 1
vendor_id	: GenuineIntel
cpu family	: 6
model		: 42
model name	: Intel(R) Core(TM) i5-2450M CPU @ 2.50GHz
stepping	: 7
microcode	: 0x25
cpu MHz		: 2899.932
cache size	: 3072 KB
physical id	: 0
siblings	: 4
core id		: 0
cpu cores	: 2
apicid		: 1
initial apicid	: 1
fpu		: yes
fpu_exception	: yes
cpuid level	: 13
wp		: yes
flags		: fpu vme de pse tsc msr pae mce cx8 apic sep mtrr pge mca cmov pat pse36 clflush dts acpi mmx fxsr sse sse2 ss ht tm pbe syscall nx rdtscp lm constant_tsc arch_perfmon pebs bts rep_good nopl xtopology nonstop_tsc aperfmperf eagerfpu pni pclmulqdq dtes64 monitor ds_cpl vmx est tm2 ssse3 cx16 xtpr pdcm pcid sse4_1 sse4_2 x2apic popcnt tsc_deadline_timer aes xsave avx lahf_lm epb tpr_shadow vnmi flexpriority ept vpid xsaveopt dtherm ida arat pln pts
bugs		:
bogomips	: 4989.01
clflush size	: 64
cache_alignment	: 64
address sizes	: 36 bits physical, 48 bits virtual
power management:

processor	: 2
vendor_id	: GenuineIntel
cpu family	: 6
model		: 42
model name	: Intel(R) Core(TM) i5-2450M CPU @ 2.50GHz
stepping	: 7
microcode	: 0x25
cpu MHz		: 2899.932
cache size	: 3072 KB
physical id	: 0
siblings	: 4
core id		: 1
cpu cores	: 2
apicid		: 2
initial apicid	: 2
fpu		: yes
fpu_exception	: yes
cpuid level	: 13
wp		: yes
flags		: fpu vme de pse tsc msr pae mce cx8 apic sep mtrr pge mca cmov pat pse36 clflush dts acpi mmx fxsr sse sse2 ss ht tm pbe syscall nx rdtscp lm constant_tsc arch_perfmon pebs bts rep_good nopl xtopology nonstop_tsc aperfmperf eagerfpu pni pclmulqdq dtes64 monitor ds_cpl vmx est tm2 ssse3 cx16 xtpr pdcm pcid sse4_1 sse4_2 x2apic popcnt tsc_deadline_timer aes xsave avx lahf_lm epb tpr_shadow vnmi flexpriority ept vpid xsaveopt dtherm ida arat pln pts
bugs		:
bogomips	: 4989.01
clflush size	: 64
cache_alignment	: 64
address sizes	: 36 bits physical, 48 bits virtual
power management:

processor	: 3
vendor_id	: GenuineIntel
cpu family	: 6
model		: 42
model name	: Intel(R) Core(TM) i5-2450M CPU @ 2.50GHz
stepping	: 7
microcode	: 0x25
cpu MHz		: 2899.932
cache size	: 3072 KB
physical id	: 0
siblings	: 4
core id		: 1
cpu cores	: 2
apicid		: 3
initial apicid	: 3
fpu		: yes
fpu_exception	: yes
cpuid level	: 13
wp		: yes
flags		: fpu vme de pse tsc msr pae mce cx8 apic sep mtrr pge mca cmov pat pse36 clflush dts acpi mmx fxsr sse sse2 ss ht tm pbe syscall nx rdtscp lm constant_tsc arch_perfmon pebs bts rep_good nopl xtopology nonstop_tsc aperfmperf eagerfpu pni pclmulqdq dtes64 monitor ds_cpl vmx est tm2 ssse3 cx16 xtpr pdcm pcid sse4_1 sse4_2 x2apic popcnt tsc_deadline_timer aes xsave avx lahf_lm epb tpr_shadow vnmi flexpriority ept vpid xsaveopt dtherm ida arat pln pts
bugs		:
bogomips	: 4989.01
clflush size	: 64
cache_alignment	: 64
address sizes	: 36 bits physical, 48 bits virtual
power management:



Memory: 4k page, physical 3943136k(1325728k free), swap 194556k(193928k free)

vm_info: OpenJDK 64-Bit Server VM (25.121-b13) for linux-amd64 JRE (1.8.0_121-8u121-b13-0ubuntu1.16.10.2-b13), built on Jan 23 2017 11:22:24 by "buildd" with gcc 6.2.0 20161005

time: Fri Apr 28 11:18:27 2017
elapsed time: 991 seconds (0d 0h 16m 31s)

